config.logging_config 2023-12-12 16:51:15,731 INFO Status code: 200
config.logging_config 2023-12-12 16:51:21,856 INFO 'Load more' button is clicked.
config.logging_config 2023-12-12 16:51:35,838 WARNING 'Load more' button is not visible. Proceeding.
config.logging_config 2023-12-12 16:51:36,049 INFO Amount of items parsed: 71
config.logging_config 2023-12-12 17:27:00,644 INFO Status code: 200
config.logging_config 2023-12-12 17:27:04,916 INFO 'Load more' button is clicked.
config.logging_config 2023-12-12 17:27:14,644 WARNING 'Load more' button is not visible. Proceeding.
config.logging_config 2023-12-12 17:27:14,814 INFO Headless browser was closed.
config.logging_config 2023-12-12 17:27:14,824 INFO Amount of items parsed: 71
config.logging_config 2023-12-12 17:27:14,828 WARNING No matches to `model_number_pattern` in `title_copy`. Title: Purple (DEMO)
config.logging_config 2023-12-12 17:27:14,828 WARNING No matches to `model_number_pattern` in `title_copy`. Title: Purple (DEMO)
config.logging_config 2023-12-12 17:29:15,222 INFO Status code: 200
config.logging_config 2023-12-12 17:29:19,383 INFO 'Load more' button is clicked.
config.logging_config 2023-12-12 17:29:28,258 WARNING 'Load more' button is not visible. Proceeding.
config.logging_config 2023-12-12 17:29:28,442 INFO Headless browser was closed.
config.logging_config 2023-12-12 17:29:28,453 INFO Amount of items parsed: 71
config.logging_config 2023-12-12 17:32:16,403 INFO Status code: 200
config.logging_config 2023-12-12 17:32:20,338 INFO 'Load more' button is clicked.
config.logging_config 2023-12-12 17:32:28,903 WARNING 'Load more' button is not visible. Proceeding.
config.logging_config 2023-12-12 17:32:29,076 INFO Headless browser was closed.
config.logging_config 2023-12-12 17:32:29,087 INFO Amount of items parsed: 71
config.logging_config 2023-12-12 20:01:05,323 INFO Status code: 200
config.logging_config 2023-12-12 20:01:07,209 INFO 'Load more' button is clicked.
config.logging_config 2023-12-12 20:01:17,201 WARNING 'Load more' button is not visible. Proceeding.
config.logging_config 2023-12-12 20:01:17,375 INFO Headless browser was closed.
config.logging_config 2023-12-12 20:01:17,387 INFO Amount of items parsed: 73
config.logging_config 2023-12-12 20:08:20,097 INFO Status code: 200
config.logging_config 2023-12-12 20:08:23,885 INFO 'Load more' button is clicked.
config.logging_config 2023-12-12 20:08:33,686 WARNING 'Load more' button is not visible. Proceeding.
config.logging_config 2023-12-12 20:08:33,860 INFO Headless browser was closed.
config.logging_config 2023-12-12 20:08:33,871 INFO Amount of items parsed: 73
